[    0.000000] Initializing cgroup subsys cpuset
[    0.000000] Initializing cgroup subsys cpu
[    0.000000] Initializing cgroup subsys cpuacct
[    0.000000] Linux version 4.4.0-116-generic (buildd@lgw01-amd64-023) (gcc version 5.4.0 20160609 (Ubuntu 5.4.0-6ubuntu1~16.04.9) ) #140-Ubuntu SMP Mon Feb 12 21:22:43 UTC 2018 (Ubuntu 4.4.0-116.140-generic 4.4.98)
[    0.000000] KERNEL supported cpus:
[    0.000000]   Intel GenuineIntel
[    0.000000]   AMD AuthenticAMD
[    0.000000]   NSC Geode by NSC
[    0.000000]   Cyrix CyrixInstead
[    0.000000]   Centaur CentaurHauls
[    0.000000]   Transmeta GenuineTMx86
[    0.000000]   Transmeta TransmetaCPU
[    0.000000]   UMC UMC UMC UMC
[    0.000000] x86/fpu: xstate_offset[2]:  576, xstate_sizes[2]:  256
[    0.000000] x86/fpu: Supporting XSAVE feature 0x01: 'x87 floating point registers'
[    0.000000] x86/fpu: Supporting XSAVE feature 0x02: 'SSE registers'
[    0.000000] x86/fpu: Supporting XSAVE feature 0x04: 'AVX registers'
[    0.000000] x86/fpu: Enabled xstate features 0x7, context size is 832 bytes, using 'standard' format.
[    0.000000] x86/fpu: Using 'lazy' FPU context switches.
[    0.000000] e820: BIOS-provided physical RAM map:
[    0.000000] BIOS-e820: [mem 0x0000000000000000-0x000000000009fbff] usable
[    0.000000] BIOS-e820: [mem 0x000000000009fc00-0x000000000009ffff] reserved
[    0.000000] BIOS-e820: [mem 0x00000000000f0000-0x00000000000fffff] reserved
[    0.000000] BIOS-e820: [mem 0x0000000000100000-0x000000003ffeffff] usable
[    0.000000] BIOS-e820: [mem 0x000000003fff0000-0x000000003fffffff] ACPI data
[    0.000000] BIOS-e820: [mem 0x00000000fec00000-0x00000000fec00fff] reserved
[    0.000000] BIOS-e820: [mem 0x00000000fee00000-0x00000000fee00fff] reserved
[    0.000000] BIOS-e820: [mem 0x00000000fffc0000-0x00000000ffffffff] reserved
[    0.000000] NX (Execute Disable) protection: active
[    0.000000] SMBIOS 2.5 present.
[    0.000000] Hypervisor detected: KVM
[    0.000000] e820: last_pfn = 0x3fff0 max_arch_pfn = 0x1000000
[    0.000000] MTRR: Disabled
[    0.000000] x86/PAT: MTRRs disabled, skipping PAT initialization too.
[    0.000000] CPU MTRRs all blank - virtualized system.
[    0.000000] x86/PAT: Configuration [0-7]: WB  WT  UC- UC  WB  WT  UC- UC  
[    0.000000] found SMP MP-table at [mem 0x0009fff0-0x0009ffff] mapped at [c009fff0]
[    0.000000] Scanning 1 areas for low memory corruption
[    0.000000] RAMDISK: [mem 0x36ad8000-0x37563fff]
[    0.000000] ACPI: Early table checksum verification disabled
[    0.000000] ACPI: RSDP 0x00000000000E0000 000024 (v02 VBOX  )
[    0.000000] ACPI: XSDT 0x000000003FFF0030 00003C (v01 VBOX   VBOXXSDT 00000001 ASL  00000061)
[    0.000000] ACPI: FACP 0x000000003FFF00F0 0000F4 (v04 VBOX   VBOXFACP 00000001 ASL  00000061)
[    0.000000] ACPI: DSDT 0x000000003FFF0470 0021FF (v02 VBOX   VBOXBIOS 00000002 INTL 20100528)
[    0.000000] ACPI: FACS 0x000000003FFF0200 000040
[    0.000000] ACPI: FACS 0x000000003FFF0200 000040
[    0.000000] ACPI: APIC 0x000000003FFF0240 00005C (v02 VBOX   VBOXAPIC 00000001 ASL  00000061)
[    0.000000] ACPI: SSDT 0x000000003FFF02A0 0001CC (v01 VBOX   VBOXCPUT 00000002 INTL 20100528)
[    0.000000] 131MB HIGHMEM available.
[    0.000000] 891MB LOWMEM available.
[    0.000000]   mapped low ram: 0 - 37bfe000
[    0.000000]   low ram: 0 - 37bfe000
[    0.000000] kvm-clock: Using msrs 4b564d01 and 4b564d00
[    0.000000] kvm-clock: cpu 0, msr 0:37bfd001, primary cpu clock
[    0.000000] kvm-clock: using sched offset of 3230624117 cycles
[    0.000000] clocksource: kvm-clock: mask: 0xffffffffffffffff max_cycles: 0x1cd42e4dffb, max_idle_ns: 881590591483 ns
[    0.000000] Zone ranges:
[    0.000000]   DMA      [mem 0x0000000000001000-0x0000000000ffffff]
[    0.000000]   Normal   [mem 0x0000000001000000-0x0000000037bfdfff]
[    0.000000]   HighMem  [mem 0x0000000037bfe000-0x000000003ffeffff]
[    0.000000] Movable zone start for each node
[    0.000000] Early memory node ranges
[    0.000000]   node   0: [mem 0x0000000000001000-000000009efff]
[    0.000000]   node   0: [mem 0x0000000000100000-0x000000003ffeffff]
[    0.000000] Initmem setup node 0 [mem 0x0000000000001000-0x000000003ffeffff]
[    0.000000] Using APIC driver default
[    0.000000] ACPI: PM-Timer IO Port: 0x4008
[    0.000000] IOAPIC[0]: apic_id 2, version 32, address 0xfec00000, GSI 0-23
[    0.000000] ACPI: INT_SRC_OVR (bus 0 bus_irq 0 global_irq 2 dfl dfl)
[    0.000000] ACPI: INT_SRC_OVR (bus 0 bus_irq 9 global_irq 9 high level)
[    0.000000] Using ACPI (MADT) for SMP configuration information
[    0.000000] smpboot: Allowing 2 CPUs, 0 hotplug CPUs
[    0.000000] PM: Registered nosave memory: [mem 0x00000000-0x00000fff]
[    0.000000] PM: Registered nosave memory: [mem 0x0009f000-0x0009ffff]
[    0.000000] PM: Registered nosave memory: [mem 0x000a0000-0x000effff]
[    0.000000] PM: Registered nosave memory: [mem 0x000f0000-0x000fffff]
[    0.000000] e820: [mem 0x40000000-0xfebfffff] available for PCI devices
[    0.000000] Booting paravirtualized kernel on KVM
[    0.000000] clocksource: refined-jiffies: mask: 0xffffffff max_cycles: 0xffffffff, max_idle_ns: 7645519600211568 ns
[    0.000000] setup_percpu: NR_CPUS:8 nr_cpumask_bits:8 nr_cpu_ids:2 nr_node_ids:1
[    0.000000] PERCPU: Embedded 19 pages/cpu @f76b0000 s47436 r0 d30388 u77824
[    0.000000] PV qspinlock hash table entries: 512 (order: 0, 4096 bytes)
[    0.000000] Built 1 zonelists in Zone order, mobility grouping on.  Total pages: 259800
[    0.000000] Kernel command line: BOOT_IMAGE=/boot/vmlinuz-4.4.0-116-generic root=LABEL=cloudimg-rootfs ro console=tty1 console=ttyS0
[    0.000000] PID hash table entries: 4096 (order: 2, 16384 bytes)
[    0.000000] Dentry cache hash table entries: 131072 (order: 7, 524288 bytes)
[    0.000000] Inode-cache hash table entries: 65536 (order: 6, 262144 bytes)
[    0.000000] Initializing CPU#0
[    0.000000] Initializing HighMem for node 0 (00037bfe:0003fff0)
[    0.000000] Initializing Movable for node 0 (00000000:00000000)
[    0.000000] Memory: 1012060K/1048120K available (8007K kernel code, 781K rwdata, 3172K rodata, 948K init, 800K bss, 36060K reserved, 0K cma-reserved, 135112K highmem)
[    0.000000] virtual kernel memory layout:
[    0.000000]     fixmap  : 0xfff15000 - 0xfffff000   ( 936 kB)
[    0.000000]     pkmap   : 0xffc00000 - 0xffe00000   (2048 kB)
[    0.000000]     vmalloc : 0xf83fe000 - 0xffbfe000   ( 120 MB)
[    0.000000]     lowmem  : 0xc0000000 - 0xf7bfe000   ( 891 MB)
[    0.000000]       .init : 0xc1bb2000 - 0xc1c9f000   ( 948 kB)
[    0.000000]       .data : 0xc17d2134 - 0xc1bb0780   (3961 kB)
[    0.000000]       .text : 0xc1000000 - 0xc17d2134   (8008 kB)
[    0.000000] Checking if this processor honours the WP bit even in supervisor mode...Ok.
[    0.000000] SLUB: HWalign=64, Order=0-3, MinObjects=0, CPUs=2, Nodes=1
[    0.000000] Hierarchical RCU implementation.
[    0.000000] 	Build-time adjustment of leaf fanout to 32.
[    0.000000] 	RCU restricting CPUs from NR_CPUS=8 to nr_cpu_ids=2.
[    0.000000] RCU: Adjusting geometry for rcu_fanout_leaf=32, nr_cpu_ids=2
[    0.000000] NR_IRQS:2304 nr_irqs:440 16
[    0.000000] Console: colour VGA+ 80x25
[    0.000000] console [tty1] enabled
[    0.000000] console [ttyS0] enabled
[    0.000000] allocated 1048576 bytes of page_ext
[    0.000000] tsc: Detected 2994.376 MHz processor
[    0.000000] tsc: Marking TSC unstable due to TSCs unsynchronized
[    0.012000] Calibrating delay loop (skipped) preset value.. 5988.75 BogoMIPS (lpj=11977504)
[    0.014881] pid_max: default: 32768 minimum: 301
[    0.016018] ACPI: Core revision 20150930
[    0.020964] ACPI: 2 ACPI AML tables successfully acquired and loaded
[    0.028636] Security Framework initialized
[    0.032016] Yama: becoming mindful.
[    0.036023] AppArmor: AppArmor initialized
[    0.040039] Mount-cache hash table entries: 2048 (order: 1, 8192 bytes)
[    0.044019] Mountpoint-cache hash table entries: 2048 (order: 1, 8192 bytes)
[    0.048296] Initializing cgroup subsys io
[    0.052020] Initializing cgroup subsys memory
[    0.056016] Initializing cgroup subsys devices
[    0.060014] Initializing cgroup subsys freezer
[    0.064015] Initializing cgroup subsys net_cls
[    0.068014] Initializing cgroup subsys perf_event
[    0.072026] Initializing cgroup subsys net_prio
[    0.076017] Initializing cgroup subsys hugetlb
[    0.080018] Initializing cgroup subsys pids
[    0.084241] CPU: Physical Processor ID: 0
[    0.088009] CPU: Processor Core ID: 0
[    0.092014] FEATURE SPEC_CTRL Not Present
[    0.096012] FEATURE IBPB Not Present
[    0.106462] mce: CPU supports 0 MCE banks
[    0.108052] Last level iTLB entries: 4KB 1024, 2MB 1024, 4MB 512
[    0.112015] Last level dTLB entries: 4KB 1536, 2MB 1536, 4MB 768, 1GB 0
[    0.116015] Spectre V2 mitigation: Mitigation: Full AMD retpoline
[    0.120010] Spectre V2 mitigation: Speculation control IBPB not-supported IBRS not-supported
[    0.133182] Freeing SMP alternatives memory: 28K
[    0.144452] ftrace: allocating 31457 entries in 62 pages
[    0.168072] smpboot: APIC(0) Converting physical 0 to logical package 0
[    0.172011] smpboot: Max logical packages: 1
[    0.176032] Enabling APIC mode:  Flat.  Using 1 I/O APICs
[    0.186092] ..TIMER: vector=0x30 apic1=0 pin1=2 apic2=-1 pin2=-1
[    0.192000] smpboot: CPU0: AMD Ryzen 7 1700 Eight-Core Processor (family: 0x17, model: 0x1, stepping: 0x1)
[    0.204013] Performance Events: Broken PMU hardware detected, using software events only.
[    0.212009] Failed to access perfctr msr (MSR c0010007 is 0)
[    0.216042] KVM setup paravirtual spinlock
[    0.220735] x86: Booting SMP configuration:
[    0.224007] .... node  #0, CPUs:      #1
[    0.008000] Initializing CPU#1
[    0.012000] kvm-clock: cpu 1, msr 0:37bfd041, secondary cpu clock
[    0.012000] mce: CPU supports 0 MCE banks
[    0.666085] x86: Booted up 1 node, 2 CPUs
[    0.668009] smpboot: Total of 2 processors activated (11977.50 BogoMIPS)
[    0.672257] devtmpfs: initialized
[    0.676207] evm: security.selinux
[    0.680008] evm: security.SMACK64
[    0.684007] evm: security.SMACK64EXEC
[    0.688007] evm: security.SMACK64TRANSMUTE
[    0.692010] evm: security.SMACK64MMAP
[    0.696011] evm: security.ima
[    0.700006] evm: security.capability
[    0.704370] clocksource: jiffies: mask: 0xffffffff max_cycles: 0xffffffff, max_idle_ns: 7645041785100000 ns
[    0.708074] futex hash table entries: 512 (order: 3, 32768 bytes)
[    0.712139] pinctrl core: initialized pinctrl subsystem
[    0.716313] RTC time:  3:23:07, date: 03/21/18
[    0.720354] NET: Registered protocol family 16
[    0.724180] EISA bus registered
[    0.740011] cpuidle: using governor ladder
[    0.756009] cpuidle: using governor menu
[    0.764007] PCCT header not found.
[    0.764928] ACPI: bus type PCI registered
[    0.764928] acpiphp: ACPI Hot Plug PCI Controller Driver version: 0.5
[    0.864239] PCI : PCI BIOS area is rw and x. Use pci=nobios if you want it NX.
[    0.904007] PCI: PCI BIOS revision 2.10 entry at 0xfda26, last bus=0
[    0.904007] PCI: Using configuration type 1 for base access
[    0.904874] PCI: Using configuration type 1 for extended access
[    0.932136] ACPI: Added _OSI(Module Device)
[    0.956006] ACPI: Added _OSI(Processor Device)
[    1.060008] ACPI: Added _OSI(3.0 _SCP Extensions)
[    1.064002] ACPI: Added _OSI(Processor Aggregator Device)
[    1.073190] ACPI: Executed 1 blocks of module-level executable AML code
[    1.087380] ACPI: Interpreter enabled
[    1.088031] ACPI: (supports S0 S5)
[    1.092007] ACPI: Using IOAPIC for interrupt routing
[    1.096176] PCI: Using host bridge windows from ACPI; if necessary, use "pci=nocrs" and report a bug
[    1.107886] ACPI: PCI Root Bridge [PCI0] (domain 0000 [bus 00-ff])
[    1.108025] acpi PNP0A03:00: _OSC: OS supports [ExtendedConfig ASPM ClockPM Segments MSI]
[    1.112060] acpi PNP0A03:00: _OSC: OS now controls [PCIeHotplug PME AER PCIeCapability]
[    1.116618] PCI host bridge to bus 0000:00
[    1.118307] pci_bus 0000:00: root bus resource [io  0x0000-0x0cf7 window]
[    1.120018] pci_bus 0000:00: root bus resource [io  0x0d00-0xffff window]
[    1.124012] pci_bus 0000:00: root bus resource [mem 0x000a0000-0x000bffff window]
[    1.128010] pci_bus 0000:00: root bus resource [mem 0x40000000-0xffdfffff window]
[    1.132011] pci_bus 0000:00: root bus resource [bus 00-ff]
[    1.141210] pci 0000:00:01.1: legacy IDE quirk: reg 0x10: [io  0x01f0-0x01f7]
[    1.144016] pci 0000:00:01.1: legacy IDE quirk: reg 0x14: [io  0x03f6]
[    1.148009] pci 0000:00:01.1: legacy IDE quirk: reg 0x18: [io  0x0170-0x0177]
[    1.152016] pci 0000:00:01.1: legacy IDE quirk: reg 0x1c: [io  0x0376]
[    1.170016] pci 0000:00:07.0: quirk: [io  0x4000-0x403f] claimed by PIIX4 ACPI
[    1.172025] pci 0000:00:07.0: quirk: [io  0x4100-0x410f] claimed by PIIX4 SMB
[    1.182381] ACPI: PCI Interrupt Link [LNKA] (IRQs 5 9 10 *11)
[    1.193643] ACPI: PCI Interrupt Link [LNKB] (IRQs 5 9 10 *11)
[    1.204329] ACPI: PCI Interrupt Link [LNKC] (IRQs 5 9 *10 11)
[    1.216399] ACPI: PCI Interrupt Link [LNKD] (IRQs 5 *9 10 11)
[    1.232451] ACPI: Enabled 2 GPEs in block 00 to 07
[    1.236150] vgaarb: setting as boot device: PCI:0000:00:02.0
[    1.240000] vgaarb: device added: PCI:0000:00:02.0,decodes=io+mem,owns=io+mem,locks=none
[    1.240010] vgaarb: loaded
[    1.244006] vgaarb: bridge control possible 0000:00:02.0
[    1.248511] SCSI subsystem initialized
[    1.252211] ACPI: bus type USB registered
[    1.253879] usbcore: registered new interface driver usbfs
[    1.256035] usbcore: registered new interface driver hub
[    1.260045] usbcore: registered new device driver usb
[    1.264467] PCI: Using ACPI for IRQ routing
[    1.268319] NetLabel: Initializing
[    1.272012] NetLabel:  domain hash size = 128
[    1.276003] NetLabel:  protocols = UNLABELED CIPSOv4
[    1.280024] NetLabel:  unlabeled traffic allowed by default
[    1.284072] amd_nb: Cannot enumerate AMD northbridges
[    1.288095] clocksource: Switched to clocksource kvm-clock
[    1.448580] AppArmor: AppArmor Filesystem Enabled
[    1.594862] pnp: PnP ACPI init
[    1.679552] pnp: PnP ACPI: found 3 devices
[    1.765429] PnPBIOS: Disabled by ACPI PNP
[    1.828368] clocksource: acpi_pm: mask: 0xffffff max_cycles: 0xffffff, max_idle_ns: 2085701024 ns
[    1.982577] NET: Registered protocol family 2
[    2.073687] TCP established hash table entries: 8192 (order: 3, 32768 bytes)
[    2.218850] TCP bind hash table entries: 8192 (order: 4, 65536 bytes)
[    2.325290] TCP: Hash tables configured (established 8192 bind 8192)
[    2.360904] UDP hash table entries: 512 (order: 2, 16384 bytes)
[    2.392927] UDP-Lite hash table entries: 512 (order: 2, 16384 bytes)
[    2.448570] NET: Registered protocol family 1
[    2.506792] pci 0000:00:00.0: Limiting direct PCI/PCI transfers
[    2.593535] pci 0000:00:01.0: Activating ISA DMA hang workarounds
[    2.595822] Unpacking initramfs...
[    4.363711] Freeing initrd memory: 10800K
[    4.400981] clocksource: tsc: mask: 0xffffffffffffffff max_cycles: 0x2b2984d0609, max_idle_ns: 440795359805 ns
[    4.485996] platform rtc_cmos: registered platform RTC device (no PNP device found)
[    4.645942] Scanning for low memory corruption every 60 seconds
[    4.807106] audit: initializing netlink subsys (disabled)
[    4.889795] audit: type=2000 audit(1521602582.703:1): initialized
[    4.950705] Initialise system trusted keyring
[    5.044575] HugeTLB registered 2 MB page size, pre-allocated 0 pages
[    5.095434] zbud: loaded
[    5.181751] VFS: Disk quotas dquot_6.6.0
[    5.248806] VFS: Dquot-cache hash table entries: 1024 (order 0, 4096 bytes)
[    5.432661] squashfs: version 4.0 (2009/01/31) Phillip Lougher
[    5.542029] fuse init (API version 7.23)
[    5.632709] Key type big_key registered
[    5.717671] Allocating IMA MOK and blacklist keyrings.
[    5.787198] Key type asymmetric registered
[    5.886099] Asymmetric key parser 'x509' registered
[    5.975921] bounce: pool size: 64 pages
[    6.062624] Block layer SCSI generic (bsg) driver version 0.4 loaded (major 249)
[    6.098217] io scheduler noop registered
[    6.184370] io scheduler deadline registered (default)
[    6.282689] io scheduler cfq registered
[    6.364008] pci_hotplug: PCI Hot Plug PCI Core version: 0.5
[    6.418170] pciehp: PCI Express Hot Plug Controller Driver version: 0.4
[    6.453853] ACPI: AC Adapter [AC] (on-line)
[    6.526585] input: Power Button as /devices/LNXSYSTM:00/LNXPWRBN:00/input/input0
[    6.676975] ACPI: Power Button [PWRF]
[    6.753509] input: Sleep Button as /devices/LNXSYSTM:00/LNXSLPBN:00/input/input1
[    6.952739] ACPI: Sleep Button [SLPF]
[    7.056574] GHES: HEST is not enabled!
[    7.156636] isapnp: Scanning for PnP cards...
[    7.184694] Serial: 8250/16550 driver, 32 ports, IRQ sharing enabled
ÿ[    7.274539] 00:02: ttyS0 at I/O 0x3f8 (irq = 4, base_baud = 115200) is a 16550A
[    7.508295] Linux agpgart interface v0.103
[    7.534789] isapnp: No Plug & Play device found
[    7.732944] loop: module loaded
[    7.762072] scsi host0: ata_piix
[    7.768963] scsi host1: ata_piix
[    7.847599] ata1: PATA max UDMA/33 cmd 0x1f0 ctl 0x3f6 bmdma 0xd000 irq 14
[    8.036568] ata2: PATA max UDMA/33 cmd 0x170 ctl 0x376 bmdma 0xd008 irq 15
[    8.188462] libphy: Fixed MDIO Bus: probed
[    8.217528] tun: Universal TUN/TAP device driver, 1.6
[    8.270281] tun: (C) 1999-2004 Max Krasnyansky <maxk@qualcomm.com>
[    8.419340] PPP generic driver version 2.4.2
[    8.504545] ehci_hcd: USB 2.0 'Enhanced' Host Controller (EHCI) Driver
[    8.620763] ehci-pci: EHCI PCI platform driver
[    8.738547] ehci-platform: EHCI generic platform driver
[    8.880012] ohci_hcd: USB 1.1 'Open' Host Controller (OHCI) Driver
[    8.992283] ohci-pci: OHCI PCI platform driver
[    9.105039] ohci-platform: OHCI generic platform driver
[    9.259482] uhci_hcd: USB Universal Host Controller Interface driver
[    9.426810] i8042: PNP: PS/2 Controller [PNP0303:PS2K,PNP0f03:PS2M] at 0x60,0x64 irq 1,12
[    9.470490] serio: i8042 KBD port at 0x60,0x64 irq 1
[    9.482368] serio: i8042 AUX port at 0x60,0x64 irq 12
[    9.487129] mousedev: PS/2 mouse device common for all mice
[    9.667110] input: AT Translated Set 2 keyboard as /devices/platform/i8042/serio0/input/input2
[    9.672772] rtc_cmos rtc_cmos: rtc core: registered rtc_cmos as rtc0
[    9.672883] rtc_cmos rtc_cmos: alarms up to one day, 114 bytes nvram
[    9.672896] i2c /dev entries driver
[    9.672986] device-mapper: uevent: version 1.0.3
[    9.673089] device-mapper: ioctl: 4.34.0-ioctl (2015-10-28) initialised: dm-devel@redhat.com
[    9.673135] platform eisa.0: Probing EISA bus 0
[    9.673139] platform eisa.0: EISA: Cannot allocate resource for mainboard
[    9.673142] platform eisa.0: Cannot allocate resource for EISA slot 1
[    9.673144] platform eisa.0: Cannot allocate resource for EISA slot 2
[    9.673147] platform eisa.0: Cannot allocate resource for EISA slot 3
[    9.673149] platform eisa.0: Cannot allocate resource for EISA slot 4
[    9.673151] platform eisa.0: Cannot allocate resource for EISA slot 5
[    9.673174] platform eisa.0: Cannot allocate resource for EISA slot 6
[    9.673178] platform eisa.0: Cannot allocate resource for EISA slot 7
[    9.673180] platform eisa.0: Cannot allocate resource for EISA slot 8
[    9.673182] platform eisa.0: EISA: Detected 0 cards
[    9.673213] cpufreq-nforce2: No nForce2 chipset.
[    9.673228] ledtrig-cpu: registered to indicate activity on CPUs
[    9.673704] NET: Registered protocol family 10
[    9.674042] NET: Registered protocol family 17
[    9.674065] Key type dns_resolver registered
[    9.674371] microcode: CPU0: patch_level=0x06000626
[    9.673878] microcode: CPU1: patch_level=0x06000626
[    9.840126] microcode: Microcode Update Driver: v2.01 <tigran@aivazian.fsnet.co.uk>, Peter Oruba
[    9.840138] Using IPI No-Shortcut mode
[    9.840238] registered taskstats version 1
[    9.840248] Loading compiled-in X.509 certificates
[    9.842248] Loaded X.509 cert 'Build time autogenerated kernel key: ff54afc682e3d37ddd1801097f0724ac37994f02'
[    9.842267] zswap: loaded using pool lzo/zbud
[    9.843566] Key type trusted registered
[    9.845677] Key type encrypted registered
[    9.845681] AppArmor: AppArmor sha1 policy hashing enabled
[    9.845685] ima: No TPM chip found, activating TPM-bypass!
[    9.845699] evm: HMAC attrs: 0x1
[    9.845891]   Magic number: 10:696:361
[    9.846468] rtc_cmos rtc_cmos: setting system clock to 2018-03-21 03:23:20 UTC (1521602600)
[    9.846533] BIOS EDD facility v0.16 2004-Jun-25, 0 devices found
[    9.846533] EDD information not available.
[   14.825746] Freeing unused kernel memory: 948K
[   14.848835] Write protecting the kernel text: 8012k
[   14.896656] Write protecting the kernel read-only data: 3176k
[   15.024122] NX-protecting the kernel data: 6324k
Loading, please wait...
starting version[   15.142640] random: systemd-udevd: uninitialized urandom read (16 bytes read, 6 bits of entropy available)
 229
[   15.144514] random: udevadm: uninitialized urandom read (16 bytes read, 6 bits of entropy available)
[   15.166633] random: udevadm: uninitialized urandom read (16 bytes read, 6 bits of entropy available)
[   15.166728] random: udevadm: uninitialized urandom read (16 bytes read, 6 bits of entropy available)
[   15.167074] random: udevadm: uninitialized urandom read (16 bytes read, 6 bits of entropy available)
[   15.167201] random: udevadm: uninitialized urandom read (16 bytes read, 6 bits of entropy available)
[   15.167321] random: udevadm: uninitialized urandom read (16 bytes read, 6 bits of entropy available)
[   15.167494] random: udevadm: uninitialized urandom read (16 bytes read, 6 bits of entropy available)
[   15.167616] random: udevadm: uninitialized urandom read (16 bytes read, 6 bits of entropy available)
[   15.167732] random: udevadm: uninitialized urandom read (16 bytes read, 6 bits of entropy available)
[   17.210710] e1000: Intel(R) PRO/1000 Network Driver - version 7.3.21-k8-NAPI
[   17.444152] e1000: Copyright (c) 1999-2006 Intel Corporation.
[   17.626730] Fusion MPT base driver 3.04.20
[   17.757958] Copyright (c) 1999-2008 LSI Corporation
[   17.931804] Fusion MPT SPI Host driver 3.04.20
[   18.334004] input: ImExPS/2 Generic Explorer Mouse as /devices/platform/i8042/serio1/input/input4
[   18.432914] e1000 0000:00:03.0 eth0: (PCI:33MHz:32-bit) 02:69:bb:b9:1f:09
[   18.432922] e1000 0000:00:03.0 eth0: Intel(R) PRO/1000 Network Connection
[   19.059052] e1000 0000:00:03.0 enp0s3: renamed from eth0
[   19.244181] mptbase: ioc0: Initiating bringup
[   19.368739] ioc0: LSI53C1030 A0: Capabilities={Initiator}
[   19.550239] scsi host2: ioc0: LSI53C1030 A0, FwRev=00000000h, Ports=1, MaxQ=256, IRQ=20
[   19.892990] scsi 2:0:0:0: Direct-Access     VBOX     HARDDISK         1.0  PQ: 0 ANSI: 5
[   19.978658] scsi target2:0:0: Beginning Domain Validation
[   19.993985] scsi target2:0:0: Domain Validation skipping write tests
[   20.000652] scsi target2:0:0: Ending Domain Validation
[   20.169015] scsi target2:0:0: asynchronous
[   20.176709] scsi 2:0:1:0: Direct-Access     VBOX     HARDDISK         1.0  PQ: 0 ANSI: 5
[   20.179697] scsi target2:0:1: Beginning Domain Validation
[   20.183323] scsi target2:0:1: Domain Validation skipping write tests
[   20.195399] scsi target2:0:1: Ending Domain Validation
[   20.197422] scsi target2:0:1: asynchronous
[   20.210329] sd 2:0:0:0: [sda] 20971520 512-byte logical blocks: (10.7 GB/10.0 GiB)
[   20.218220] sd 2:0:0:0: Attached scsi generic sg0 type 0
[   20.218360] sd 2:0:0:0: [sda] Write Protect is off
[   20.218477] sd 2:0:0:0: [sda] Incomplete mode parameter data
[   20.218480] sd 2:0:0:0: [sda] Assuming drive cache: write through
[   20.219868]  sda: sda1
[   20.220736] sd 2:0:0:0: [sda] Attached SCSI disk
[   20.513555] sd 2:0:1:0: [sdb] 20480 512-byte logical blocks: (10.5 MB/10.0 MiB)
[   20.660384] floppy0: no floppy controllers found
[   20.675667] sd 2:0:1:0: Attached scsi generic sg1 type 0
[   20.747595] sd 2:0:1:0: [sdb] Write Protect is off
[   20.779699] sd 2:0:1:0: [sdb] Incomplete mode parameter data
[   20.922869] sd 2:0:1:0: [sdb] Assuming drive cache: write through
[   21.093712] sd 2:0:1:0: [sdb] Attached SCSI disk
Begin: Loading e[   22.658089] md: linear personality registered for level -1
ssential drivers ... [   22.778690] md: multipath personality registered for level -4
[   22.997956] md: raid0 personality registered for level 0
[   23.152452] md: raid1 personality registered for level 1
[   23.364171] raid6: mmxx1    gen()  3074 MB/s
[   23.580349] raid6: mmxx2    gen()  7373 MB/s
[   23.784999] raid6: sse1x1   gen()  2923 MB/s
[   23.988581] raid6: sse1x2   gen()  6550 MB/s
[   24.196111] raid6: sse2x1   gen()  6252 MB/s
[   24.392198] raid6: sse2x1   xor()  6958 MB/s
[   24.604188] raid6: sse2x2   gen() 13754 MB/s
[   24.820329] raid6: sse2x2   xor()  9350 MB/s
[   24.959568] raid6: using algorithm sse2x2 gen() 13754 MB/s
[   25.153619] raid6: .... xor() 9350 MB/s, rmw enabled
[   25.314066] raid6: using ssse3x1 recovery algorithm
[   25.487645] xor: automatically using best checksumming function:
[   25.664215]    avx       : 10521.000 MB/sec
[   25.753111] async_tx: api initialized (async)
[   25.858108] md: raid6 personality registered for level 6
[   25.910894] md: raid5 personality registered for level 5
[   26.043228] md: raid4 personality registered for level 4
[   26.184905] md: raid10 personality registered for level 10
done.
Begin: Running /scripts/init-premount ... done.
Begin: Mounting root file system ... Begin: Running /scripts/local-top ... done.
Begin: Running /scripts/local-premount ... [   26.253534] Btrfs loaded
Scanning for Btrfs filesystems
done.
Warning: fsck not present, so skipping root file[   26.325689] EXT4-fs (sda1): INFO: recovery required on readonly filesystem
 system
[   26.348700] EXT4-fs (sda1): write access will be enabled during recovery
[   26.828790] EXT4-fs (sda1): orphan cleanup on readonly fs
[   26.951497] EXT4-fs (sda1): 5 orphan inodes deleted
[   27.049168] EXT4-fs (sda1): recovery complete
[   27.052744] EXT4-fs (sda1): mounted filesystem with ordered data mode. Opts: (null)
done.
Begin: Running /scripts/local-bottom ... done.
[   27.089766] random: nonblocking pool is initialized
Begin: Running /scripts/init-bottom ... done.
[   27.374054] systemd[1]: systemd 229 running in system mode. (+PAM +AUDIT +SELINUX +IMA +APPARMOR +SMACK +SYSVINIT +UTMP +LIBCRYPTSETUP +GCRYPT +GNUTLS +ACL +XZ -LZ4 +SECCOMP +BLKID +ELFUTILS +KMOD -IDN)
[   27.561482] systemd[1]: Detected virtualization oracle.
[   27.621460] systemd[1]: Detected architecture x86.

Welcome to [1mUbuntu 16.04.4 LTS[0m!

[   27.644769] systemd[1]: Set hostname to <ubuntu-xenial>.
[   27.846600] systemd[1]: Listening on udev Kernel Socket.
[[0;32m  OK  [0m] Listening on udev Kernel Socket.
[   28.049119] systemd[1]: Listening on Journal Socket (/dev/log).
[[0;32m  OK  [0m] Listening on Journal Socket (/dev/log).
[   28.072414] systemd[1]: Reached target Encrypted Volumes.
[[0;32m  OK  [0m] Reached target Encrypted Volumes.
[   28.251582] systemd[1]: Reached target User and Group Name Lookups.
[[0;32m  OK  [0m] Reached target User and Group Name Lookups.
[   28.321968] systemd[1]: Set up automount Arbitrary Executable File Formats File System Automount Point.
[[0;32m  OK  [0m] Set up automount Arbitrary Executab...ats File System Automount Point.
[   28.640796] systemd[1]: Created slice User and Session Slice.
[[0;32m  OK  [0m] Created slice User and Session Slice.
[   28.704600] systemd[1]: Listening on LVM2 metadata daemon socket.
[[0;32m  OK  [0m] Listening on LVM2 metadata daemon socket.
[   28.879902] systemd[1]: Listening on Journal Audit Socket.
[[0;32m  OK  [0m] Listening on Journal Audit Socket.
[   28.885432] systemd[1]: Started Forward Password Requests to Wall Directory Watch.
[[0;32m  OK  [0m] Started Forward Password Requests to Wall Directory Watch.
[   28.908602] systemd[1]: Listening on udev Control Socket.
[[0;32m  OK  [0m] Listening on udev Control Socket.
[   29.064616] systemd[1]: Reached target Swap.
[[0;32m  OK  [0m] Reached target Swap.
[   29.222240] systemd[1]: Listening on Device-mapper event daemon FIFOs.
[[0;32m  OK  [0m] Listening on Device-mapper event daemon FIFOs.
[   29.253149] systemd[1]: Created slice System Slice.
[[0;32m  OK  [0m] Created slice System Slice.
[   29.289344] systemd[1]: Created slice system-serial\x2dgetty.slice.
[[0;32m  OK  [0m] Created slice system-serial\x2dgetty.slice.
[   29.486457] systemd[1]: Reached target Slices.
[[0;32m  OK  [0m] Reached target Slices.
[   29.500717] systemd[1]: Listening on Syslog Socket.
[[0;32m  OK  [0m] Listening on Syslog Socket.
[   29.728574] systemd[1]: Listening on Journal Socket.
[[0;32m  OK  [0m] Listening on Journal Socket.
[   29.780513] systemd[1]: Starting Uncomplicated firewall...
         Starting Uncomplicated firewall...
[   29.791397] systemd[1]: Mounting Huge Pages File System...
         Mounting Huge Pages File System...
[   29.801394] systemd[1]: Starting Remount Root and Kernel File Systems...
         Starting Remount Root and Kernel File Systems...
[   29.807081] systemd[1]: Mounting Debug File System...
         Mounting Debug File System...
[   29.813396] EXT4-fs (sda1): re-mounted. Opts: (null)
[   29.830469] systemd[1]: Starting Nameserver information manager...
         Starting Nameserver information manager...
[   30.104470] systemd[1]: Starting Journal Service...
         Starting Journal Service...
[   30.248559] systemd[1]: Starting Load Kernel Modules...
[   30.347441] Loading iSCSI transport class v2.0-870.
         Starting Load Kernel Modules...
[   30.460634] iscsi: registered transport (tcp)
[   30.476646] systemd[1]: Starting Set console keymap...
         Starting Set console keymap...
[   30.577389] systemd[1]: Starting Monitoring of LVM2 mirrors, snapshots etc. using dmeventd or progress polling...
         Starting Monitoring of LVM2 mirrors... dmeventd or progress polling...
[   30.587407] systemd[1]: Starting Create list of required static device nodes for the current kernel...
         Starting Create list of required st... nodes for the current kernel...
[   30.597844] systemd[1]: Started Trigger resolvconf update for networkd DNS.
[[0;32m  OK  [0m] Started Trigger resolvconf update for networkd DNS.
[   30.612465] systemd[1]: Listening on /dev/initctl Compatibility Named Pipe.
[[0;32m  OK  [0[   30.856998] iscsi: registered transport (iser)
m] Listening on /dev/initctl Compatibility Named Pipe.
[   31.008606] systemd[1]: Mounting POSIX Message Queue File System...
         Mounting POSIX Message Queue File System...
[   31.116914] systemd[1]: Listening on LVM2 poll daemon socket.
[[0;32m  OK  [0m] Listening on LVM2 poll daemon socket.
[   31.298481] systemd[1]: Mounted POSIX Message Queue File System.
[[0;32m  OK  [0m] Mounted POSIX Message Queue File System.
[   31.335624] systemd[1]: Mounted Huge Pages File System.
[[0;32m  OK  [0m] Mounted Huge Pages File System.
[   31.392449] systemd[1]: Mounted Deb File System.
[[0;32m  OK  [0m] Mounted Debug File System.
[   31.564821] systemd[1]: Started Journal Service.
[[0;32m  OK  [0m] Started Journal Service.
[[0;32m  OK  [0m] Started Uncomplicated firewall.
[[0;32m  OK  [0m] Started Remount Root and Kernel File Systems.
[[0;32m  OK  [0m] Started Load Kernel Modules.
[[0;32m  OK  [0m] Started Set console keymap.
[[0;32m  OK  [0m] Started Create list of required sta...ce nodes for the current kernel.
[[0;32m  OK  [0m] Started Nameserver information manager.
[[0;32m  OK  [0m] Started LVM2 metadata daemon.
         Starting Create Static Device Nodes in /dev...
         Starting Apply Kernel Variables...
         Mounting FUSE Control File System...
         Starting Initial cloud-init job (pre-networking)...
         Starting Load/Save Random Seed...
         Starting udev Coldplug all Devices...
         Starting Flush Journal to Persistent Storage...
[[0;32m  OK  [0m] Mounted FUSE Control File System.
[[0;32m  OK  [0m] Started Create Static Device Nodes in /dev.
[[0;32m  OK  [0m] Started Apply Kernel Variables.
[[0;32m  OK  [0m] Started Load/Save Random Seed.
[[0;32m  OK  [0m] Started Monitoring of LVM2 mirrors,...ng dmeventd or progress polling.
[[0;32m  OK  [0m] Started udev Coldplug all Devices.
[[0;32m  OK  [0m] Started Flush Journal to Persistent Storage.
         Starting udev Kernel Device Manager...
[[0;32m  OK  [0m] Started udev Kernel Device Manager.
[[0;32m  OK  [0m] Started Dispatch Password Requests to Console Directory Watch.
[[0;32m  OK  [0m] Reached target Local File Systems (Pre).
[[0;32m  OK  [0m] Reached target Local File Systems.
         Starting Create Volatile Files and Directories...
         Starting LSB: AppArmor initialization...
         Starting Tell Plymouth To Write Out Runtime Data...
         Starting Set console font and keymap...
[[0;32m  OK  [0m] Started Create Volatile Files and Directories.
[[0;32m  OK  [0m] Started Tell Plymouth To Write Out Runtime Data.
[[0;32m  OK  [0m] Started Set console font and keymap.
[[0;32m  OK  [0m] Found device /dev/ttyS0.
[[0;32m  OK  [0m] Listening on Load/Save RF Kill Switch Status /dev/rfkill Watch.
[[0;32m  OK  [0m] Created slice system-getty.slice.
[[0;32m  OK  [0m] Reached target System Time Synchronized.
         Starting Update UTMP about System Boot/Shutdown...
[[0;32m  OK  [0m] Started LSB: AppArmor initialization.
[[0;32m  OK  [0m[   33.308210] cloud-init[450]: Cloud-init v. 17.2 running 'init-local' at Wed, 21 Mar 2018 03:23:43 +0000. Up 32.92 seconds.
] Found device 82540EM Gigabit Ethern...r (PRO/1000 MT Desktop Adapter).
[[0;32m  OK  [0m] Started Initial cloud-init job (pre-networking).
[[0;32m  OK  [0m] Started Update UTMP about System Boot/Shutdown.
[[0;32m  OK  [0m] Reached target Network (Pre).
         Starting Raise network interfaces...
[[0;32m  OK  [0m] Started ifup for enp0s3.
[[0;32m  OK  [0m] Started Raise network interfaces.
[[0;32m  OK  [0m] Reached target Network.
         Starting Initial cloud-init job (metadata service crawler)...
[   36.585419] cloud-init[955]: Cloud-init v. 17.2 running 'init' at Wed, 21 Mar 2018 03:23:46 +0000. Up 36.16 seconds.
[   36.649460] cloud-init[955]: ci-info: +++++++++++++++++++++++++++++++++++++Net device info++++++++++++++++++++++++++++++++++++++
[   36.650109] cloud-init[955]: ci-info: +--------+------+----------------------------+---------------+-------+-------------------+
[   36.650339] cloud-init[955]: ci-info: | Device |  Up  |          Address           |      Mask     | Scope |     Hw-Address    |
[   36.650631] cloud-init[955]: ci-info: +--------+------+----------------------------+---------------+-------+-------------------+
[   36.650868] cloud-init[955]: ci-info: | enp0s3 | True |         10.0.2.15          | 255.255.255.0 |   .   | 02:69:bb:b9:1f:09 |
[   36.651157] cloud-init[955]: ci-info: | enp0s3 | True | fe80::69:bbff:feb9:1f09/64 |       .       |  link | 02:69:bb:b9:1f:09 |
[   36.651379] cloud-init[955]: ci-info: |   lo   | True |         127.0.0.1          |   255.0.0.0   |   .   |         .         |
[   36.651674] cloud-init[955]: ci-info: |   lo   | True |          ::1/128           |       .       |  host |         .         |
[   36.651901] cloud-init[955]: ci-info: +--------+------+----------------------------+---------------+-------+-------------------+
[   36.652276] cloud-init[955]: ci-info: +++++++++++++++++++++++++++Route IPv4 info++++++++++++++++++++++++++++
[[0;32m  OK  [0m] Started Initial cloud-init job (metadata service crawler).
[   36.655652] cloud-init[955]: ci-info: +-------+-------------+----------+---------------+-----------+-------+
[   36.813363] [cloud-init[0;32m  OK  [0m[955]: ] ci-info: | Route | Destination | Gateway  |    Genmask    | Interface | Flags |Reached target Network is Online.

[   36.814183] cloud-init[955]: ci-info: +-------+-------------+----------+---------------+-----------+-------+
[   36.851097] cloud-init[955]: ci-info: |   0   |   0.0.0.0   | 10.0.2.2 |    0.0.0.0    |   enp0s3  |   UG  |
[   36.872739] cloud-init[955]: ci-info: |   1   |   10.0.2.0  | 0.0.0.0  | 255.255.255.0 |   enp0s3  |   U   |
[   36.896074] cloud-init[955]: ci-info: +-------+-------------+----------+---------------+-----------+-------+
         Starting iSCSI initiator daemon (iscsid)...
[[0;32m  OK  [0m] Reached target Cloud-config availability.
[[0;32m  OK  [0m] Reached target System Initialization.
[[0;32m  OK  [0m] Listening on D-Bus System Message Bus Socket.
[[0;32m  OK  [0m] Listening on ACPID Listen Socket.
[[0;32m  OK  [0m] Started Daily apt download activities.
[[0;32m  OK  [0m] Started Daily apt upgrade and clean activities.
         Starting LXD - unix socket.
[[0;32m  OK  [0m] Listening on UUID daemon activation socket.
         Starting Socket activation for snappy daemon.
[[0;32m  OK  [0m] Started Daily Cleanup of Temporary Directories.
[[0;32m  OK  [0m] Started ACPI Events Check.
[[0;32m  OK  [0m] Reached target Paths.
[[0;32m  OK  [0m] Started Timer to automatically refresh installed snaps.
[[0;32m  OK  [0m] Reached target Timers.
[[0;32m  OK  [0m] Listening on LXD - unix socket.
[[0;32m  OK  [0m] Listening on Socket activation for snappy daemon.
[[0;32m  OK  [0m] Started iSCSI initiator daemon (iscsid).
         Starting Login to default iSCSI targets...
[[0;32m  OK  [0m] Reached target Sockets.
[[0;32m  OK  [0m] Reached target Basic System.
         Starting LSB: Record successful boot for GRUB...
         Starting Accounts Service...
         Starting Login Service...
[[0;32m  OK  [0m] Started D-Bus System Message Bus.
         Starting LXD - container startup/shutdown...
         Starting Snappy daemon...
         Starting Apply the settings specified in cloud-config...
         Starting MySQL Community Server...
[[0;32m  OK  [0m] Started Regular background program processing daemon.
         Starting vboxadd-x11.service...
         Starting LSB: MD monitoring daemon...
[[0;32m  OK  [0m] Started ACPI event daemon.
         Starting OpenBSD Secure Shell server...
[[0;32m  OK  [0m] Started Deferred execution scheduler.
[[0;32m  OK  [0m] Started Unattended Upgrades Shutdown.
         Starting vboxadd.service...
         Starting System Logging Service...
[   37.899789] cloud-init[1037]: Cloud-init v. 17.2 running 'modules:config' at Wed, 21 Mar 2018 03:23:48 +0000. Up 37.71 seconds.
         Starting /etc/rc.local Compatibility...
[[0;32m  OK  [0m] Started FUSE filesystem for LXC.
[[0;32m  OK  [0m] Started Snappy daemon.
[[0;32m  OK  [0m] Started OpenBSD Secure Shell server.
[[0;32m  OK  [0m] Started System Logging Service.
[[0;32m  OK  [0m] Started LXD - container startup/shutdown.
[[0;32m  OK  [0m] Started Apply the settings specified in cloud-config.
[[0;32m  OK  [0m] Started vboxadd-x11.service.
[[0;32m  OK  [0m] Started vboxadd.service.
[[0;32m  OK  [0m] Started /etc/rc.local Compatibility.
[[0;32m  OK  [0m] Started Login to default iSCSI targets.
[[0;32m  OK  [0m] Started LSB: Record successful boot for GRUB.
[[0;32m  OK  [0m] Started LSB: MD monitoring daemon.
[[0;32m  OK  [0m] Started Login Service.
         Starting Authenticate and Authorize Users to Run Privileged Tasks...
[[0;32m  OK  [0m] Reached target Remote File Systems (Pre).
[[0;32m  OK  [0m] Reached target Remote File Systems.
         Starting LSB: automatic crash report generation...
         Starting LSB: daemon to balance interrupts for SMP systems...
         Starting LSB: Set the CPU Frequency Scaling governor to "ondemand"...
         Starting Permit User Sessions...
         Starting vboxadd-service.service...
[[0;32m  OK  [0m] Started Permit User Sessions.
[[0;32m  OK  [0m] Started vboxadd-service.service.
[[0;32m  OK  [0m] Started Authenticate and Authorize Users to Run Privileged Tasks.
[[0;32m  OK  [0m] Started Accounts Service.
[[0;32m  OK  [0m] Started LSB: automatic crash report generation.
[[0;32m  OK  [0m] Started LSB: Set the CPU Frequency Scaling governor to "ondemand".
         Starting Hold until boot process finishes up...
         Starting Terminate Plymouth Boot Screen...
[[0;32m  OK  [0m] Started MySQL Community Server.
[[0;32m  OK  [0m] Started LSB: daemon to balance interrupts for SMP systems.
[[0;32m  OK  [0m] Started Hold until boot process finishes up.
[[0;32m  OK  [0m] Started Terminate Plymouth Boot Screen.
         Starting Set console scheme...
[[0;32m  OK  [0m] Started Serial Getty on ttyS0.
[[0;32m  OK  [0m] Started Getty on tty1.
[[0;32m  OK  [0m] Reached target Login Prompts.
[[0;32m  OK  [0m] Reached target Multi-User System.
         Starting Execute cloud user/final scripts...
[[0;32m  OK  [0m] Reached target Graphical Interface.
         Starting Update UTMP about System Runlevel Changes...
[[0;32m  OK  [0m] Started Set console scheme.
[[0;32m  OK  [0m] Started Update UTMP about System Runlevel Changes.
[   39.767525] cloud-init[1294]: Cloud-init v. 17.2 running 'modules:final' at Wed, 21 Mar 2018 03:23:50 +0000. Up 39.57 seconds.
[[0;32m  OK  [0m[   39.852208] ] cloud-initStarted Execute cloud user/final scripts.[1294]: 
Cloud-init v. 17.2 finished at Wed, 21 Mar 2018 03:23:50 +0000. Datasource DataSourceNoCloud [seed=/dev/sdb][dsmode=net].  Up 39.76 seconds
[[0;32m  OK  [0m] Reached target Cloud-init target.
         Starting Daily apt download activities...

Ubuntu 16.04.4 LTS ubuntu-xenial ttyS0

ubuntu-xenial login: 